2026-06-28 14:46:57,982 [INFO] AFEE TRADER BOT starting up...
2026-06-28 14:47:00,276 [ERROR] Telegram send failed: Cannot connect to host api.telegram.org:443 ssl:default [Multiple exceptions: [WinError 1225] The remote computer refused the network connection, [WinError 1231] The network location cannot be reached. For information about network troubleshooting, see Windows Help]
2026-06-28 14:47:00,277 [INFO] Starting scan...
2026-06-28 14:47:00,391 [INFO] Running weekly adaptive strategy reweighting...
2026-06-28 14:47:00,468 [INFO] Weekly reweighting done.
2026-06-28 14:47:02,799 [ERROR] get_top_symbols failed: Cannot connect to host fapi.binance.com:443 ssl:default [Multiple exceptions: [WinError 1225] The remote computer refused the network connection, [WinError 1231] The network location cannot be reached. For information about network troubleshooting, see Windows Help]
2026-06-28 14:47:02,800 [INFO] Quality ranking selected 0 symbols from pool of 250
2026-06-28 14:47:02,800 [INFO] Scanning 0 symbols | workers=15
2026-06-28 14:47:02,912 [INFO] Scan done in 0.0s
2026-06-28 14:47:02,912 [INFO] Signals sent: 0
2026-06-28 14:47:02,912 [INFO] Sleeping 60s...
2026-06-28 14:47:42,698 [INFO] AFEE TRADER BOT starting up...
2026-06-28 14:47:45,397 [ERROR] Telegram send failed: Cannot connect to host api.telegram.org:443 ssl:default [Multiple exceptions: [WinError 1225] The remote computer refused the network connection, [WinError 1231] The network location cannot be reached. For information about network troubleshooting, see Windows Help]
2026-06-28 14:47:45,398 [INFO] Starting scan...
2026-06-28 14:47:47,831 [ERROR] get_top_symbols failed: Cannot connect to host fapi.binance.com:443 ssl:default [Multiple exceptions: [WinError 1225] The remote computer refused the network connection, [WinError 1231] The network location cannot be reached. For information about network troubleshooting, see Windows Help]
2026-06-28 14:47:47,831 [INFO] Quality ranking selected 0 symbols from pool of 250
2026-06-28 14:47:47,831 [INFO] Scanning 0 symbols | workers=15
2026-06-28 14:47:47,947 [INFO] Scan done in 0.0s
2026-06-28 14:47:47,947 [INFO] Signals sent: 0
2026-06-28 14:47:47,947 [INFO] Sleeping 60s...
2026-06-28 16:48:33,195 [INFO] AFEE TRADER BOT starting up...
2026-06-28 16:48:35,645 [ERROR] Telegram send failed: Cannot connect to host api.telegram.org:443 ssl:default [Multiple exceptions: [WinError 1225] The remote computer refused the network connection, [WinError 1231] The network location cannot be reached. For information about network troubleshooting, see Windows Help]
2026-06-28 16:48:35,646 [INFO] Starting scan...
2026-06-28 16:48:38,295 [ERROR] get_top_symbols failed: Cannot connect to host fapi.binance.com:443 ssl:default [Multiple exceptions: [WinError 1225] The remote computer refused the network connection, [WinError 1231] The network location cannot be reached. For information about network troubleshooting, see Windows Help]
2026-06-28 16:48:38,296 [INFO] Quality ranking selected 0 symbols from pool of 150
2026-06-28 16:48:38,296 [INFO] Scanning 0 symbols | workers=15
2026-06-28 16:48:38,402 [INFO] Scan done in 0.0s
2026-06-28 16:48:38,403 [INFO] Signals sent: 0
2026-06-28 16:48:38,403 [INFO] Sleeping 60s...
2026-06-28 21:01:58,447 [INFO] AFEE TRADER BOT starting up...
2026-06-28 21:02:01,019 [ERROR] Telegram send failed: Cannot connect to host api.telegram.org:443 ssl:default [Multiple exceptions: [WinError 1225] The remote computer refused the network connection, [WinError 1231] The network location cannot be reached. For information about network troubleshooting, see Windows Help]
2026-06-28 21:02:01,021 [INFO] Starting scan...
2026-06-28 21:02:03,338 [ERROR] get_top_symbols failed: Cannot connect to host fapi.binance.com:443 ssl:default [Multiple exceptions: [WinError 1225] The remote computer refused the network connection, [WinError 1231] The network location cannot be reached. For information about network troubleshooting, see Windows Help]
2026-06-28 21:02:03,338 [INFO] Quality ranking selected 0 symbols from pool of 150
2026-06-28 21:02:03,339 [INFO] Scanning 0 symbols | workers=15
2026-06-28 21:02:03,347 [INFO] Scan done in 0.0s
2026-06-28 21:02:03,347 [INFO] Signals sent: 0
2026-06-28 21:02:03,347 [INFO] Sleeping 60s...
